{"/Users/wilhemarnoldy/Developpements/Formation/p9-Billed-app/front/src/constants/routes.js": {"path":"/Users/wilhemarnoldy/Developpements/Formation/p9-Billed-app/front/src/constants/routes.js","statementMap":{"0":{"start":{"line":6,"column":27},"end":{"line":11,"column":1}},"1":{"start":{"line":13,"column":22},"end":{"line":26,"column":1}},"2":{"start":{"line":14,"column":2},"end":{"line":25,"column":3}},"3":{"start":{"line":16,"column":6},"end":{"line":16,"column":46}},"4":{"start":{"line":18,"column":6},"end":{"line":18,"column":46}},"5":{"start":{"line":20,"column":6},"end":{"line":20,"column":24}},"6":{"start":{"line":22,"column":6},"end":{"line":22,"column":50}},"7":{"start":{"line":24,"column":6},"end":{"line":24,"column":46}}},"fnMap":{"0":{"name":"(anonymous_0)","decl":{"start":{"line":13,"column":22},"end":{"line":13,"column":23}},"loc":{"start":{"line":13,"column":62},"end":{"line":26,"column":1}},"line":13}},"branchMap":{"0":{"loc":{"start":{"line":14,"column":2},"end":{"line":25,"column":3}},"type":"switch","locations":[{"start":{"line":15,"column":4},"end":{"line":16,"column":46}},{"start":{"line":17,"column":4},"end":{"line":18,"column":46}},{"start":{"line":19,"column":4},"end":{"line":20,"column":24}},{"start":{"line":21,"column":4},"end":{"line":22,"column":50}},{"start":{"line":23,"column":4},"end":{"line":24,"column":46}}],"line":14}},"s":{"0":6,"1":6,"2":26,"3":7,"4":5,"5":1,"6":12,"7":1},"f":{"0":26},"b":{"0":[7,5,1,12,1]},"_coverageSchema":"1a1c01bbd47fc00a2c39e90264f33305004495a9","hash":"c30d7e5970bfc6f853f2132fe273223bcffb241c"}
,"/Users/wilhemarnoldy/Developpements/Formation/p9-Billed-app/front/src/constants/usersTest.js": {"path":"/Users/wilhemarnoldy/Developpements/Formation/p9-Billed-app/front/src/constants/usersTest.js","statementMap":{},"fnMap":{},"branchMap":{},"s":{},"f":{},"b":{},"_coverageSchema":"1a1c01bbd47fc00a2c39e90264f33305004495a9","hash":"def40ef534b281b3b769841098eb3fb5abedab5c"}
,"/Users/wilhemarnoldy/Developpements/Formation/p9-Billed-app/front/src/containers/Bills.js": {"path":"/Users/wilhemarnoldy/Developpements/Formation/p9-Billed-app/front/src/containers/Bills.js","statementMap":{"0":{"start":{"line":7,"column":4},"end":{"line":7,"column":28}},"1":{"start":{"line":8,"column":4},"end":{"line":8,"column":32}},"2":{"start":{"line":9,"column":4},"end":{"line":9,"column":22}},"3":{"start":{"line":10,"column":26},"end":{"line":10,"column":86}},"4":{"start":{"line":11,"column":4},"end":{"line":11,"column":87}},"5":{"start":{"line":11,"column":23},"end":{"line":11,"column":87}},"6":{"start":{"line":12,"column":20},"end":{"line":12,"column":76}},"7":{"start":{"line":13,"column":4},"end":{"line":15,"column":6}},"8":{"start":{"line":13,"column":17},"end":{"line":15,"column":6}},"9":{"start":{"line":14,"column":6},"end":{"line":14,"column":73}},"10":{"start":{"line":14,"column":43},"end":{"line":14,"column":72}},"11":{"start":{"line":16,"column":4},"end":{"line":16,"column":54}},"12":{"start":{"line":19,"column":23},"end":{"line":21,"column":3}},"13":{"start":{"line":20,"column":4},"end":{"line":20,"column":43}},"14":{"start":{"line":23,"column":23},"end":{"line":28,"column":3}},"15":{"start":{"line":24,"column":20},"end":{"line":24,"column":54}},"16":{"start":{"line":25,"column":21},"end":{"line":25,"column":63}},"17":{"start":{"line":26,"column":4},"end":{"line":26,"column":168}},"18":{"start":{"line":27,"column":4},"end":{"line":27,"column":34}},"19":{"start":{"line":30,"column":13},"end":{"line":59,"column":3}},"20":{"start":{"line":31,"column":4},"end":{"line":58,"column":5}},"21":{"start":{"line":32,"column":6},"end":{"line":57,"column":8}},"22":{"start":{"line":36,"column":22},"end":{"line":54,"column":12}},"23":{"start":{"line":38,"column":12},"end":{"line":53,"column":13}},"24":{"start":{"line":39,"column":14},"end":{"line":43,"column":15}},"25":{"start":{"line":47,"column":14},"end":{"line":47,"column":38}},"26":{"start":{"line":48,"column":14},"end":{"line":52,"column":15}},"27":{"start":{"line":55,"column":10},"end":{"line":55,"column":45}},"28":{"start":{"line":56,"column":8},"end":{"line":56,"column":20}}},"fnMap":{"0":{"name":"(anonymous_0)","decl":{"start":{"line":6,"column":2},"end":{"line":6,"column":3}},"loc":{"start":{"line":6,"column":61},"end":{"line":17,"column":3}},"line":6},"1":{"name":"(anonymous_1)","decl":{"start":{"line":13,"column":33},"end":{"line":13,"column":34}},"loc":{"start":{"line":13,"column":41},"end":{"line":15,"column":5}},"line":13},"2":{"name":"(anonymous_2)","decl":{"start":{"line":14,"column":37},"end":{"line":14,"column":38}},"loc":{"start":{"line":14,"column":43},"end":{"line":14,"column":72}},"line":14},"3":{"name":"(anonymous_3)","decl":{"start":{"line":19,"column":23},"end":{"line":19,"column":24}},"loc":{"start":{"line":19,"column":29},"end":{"line":21,"column":3}},"line":19},"4":{"name":"(anonymous_4)","decl":{"start":{"line":23,"column":23},"end":{"line":23,"column":24}},"loc":{"start":{"line":23,"column":33},"end":{"line":28,"column":3}},"line":23},"5":{"name":"(anonymous_5)","decl":{"start":{"line":30,"column":13},"end":{"line":30,"column":14}},"loc":{"start":{"line":30,"column":19},"end":{"line":59,"column":3}},"line":30},"6":{"name":"(anonymous_6)","decl":{"start":{"line":35,"column":12},"end":{"line":35,"column":13}},"loc":{"start":{"line":35,"column":24},"end":{"line":57,"column":7}},"line":35},"7":{"name":"(anonymous_7)","decl":{"start":{"line":37,"column":15},"end":{"line":37,"column":16}},"loc":{"start":{"line":37,"column":22},"end":{"line":54,"column":11}},"line":37}},"branchMap":{"0":{"loc":{"start":{"line":11,"column":4},"end":{"line":11,"column":87}},"type":"if","locations":[{"start":{"line":11,"column":4},"end":{"line":11,"column":87}},{"start":{},"end":{}}],"line":11},"1":{"loc":{"start":{"line":13,"column":4},"end":{"line":15,"column":6}},"type":"if","locations":[{"start":{"line":13,"column":4},"end":{"line":15,"column":6}},{"start":{},"end":{}}],"line":13},"2":{"loc":{"start":{"line":31,"column":4},"end":{"line":58,"column":5}},"type":"if","locations":[{"start":{"line":31,"column":4},"end":{"line":58,"column":5}},{"start":{},"end":{}}],"line":31}},"s":{"0":1,"1":1,"2":1,"3":1,"4":1,"5":0,"6":1,"7":1,"8":1,"9":0,"10":0,"11":1,"12":1,"13":0,"14":1,"15":0,"16":0,"17":0,"18":0,"19":1,"20":1,"21":1,"22":0,"23":0,"24":0,"25":0,"26":0,"27":0,"28":0},"f":{"0":1,"1":0,"2":0,"3":0,"4":0,"5":1,"6":0,"7":0},"b":{"0":[0,1],"1":[1,0],"2":[1,0]},"_coverageSchema":"1a1c01bbd47fc00a2c39e90264f33305004495a9","hash":"56564a560c8a8bd51e89fcf8fc0c017d57358bdd"}
,"/Users/wilhemarnoldy/Developpements/Formation/p9-Billed-app/front/src/containers/Dashboard.js": {"path":"/Users/wilhemarnoldy/Developpements/Formation/p9-Billed-app/front/src/containers/Dashboard.js","statementMap":{"0":{"start":{"line":8,"column":29},"end":{"line":28,"column":1}},"1":{"start":{"line":9,"column":2},"end":{"line":27,"column":9}},"2":{"start":{"line":14,"column":8},"end":{"line":23,"column":9}},"3":{"start":{"line":15,"column":10},"end":{"line":15,"column":51}},"4":{"start":{"line":20,"column":10},"end":{"line":22,"column":61}},"5":{"start":{"line":25,"column":8},"end":{"line":25,"column":31}},"6":{"start":{"line":30,"column":20},"end":{"line":58,"column":1}},"7":{"start":{"line":31,"column":28},"end":{"line":31,"column":52}},"8":{"start":{"line":32,"column":20},"end":{"line":34,"column":8}},"9":{"start":{"line":35,"column":19},"end":{"line":37,"column":23}},"10":{"start":{"line":39,"column":2},"end":{"line":57,"column":4}},"11":{"start":{"line":60,"column":21},"end":{"line":62,"column":1}},"12":{"start":{"line":61,"column":2},"end":{"line":61,"column":79}},"13":{"start":{"line":61,"column":53},"end":{"line":61,"column":63}},"14":{"start":{"line":64,"column":25},"end":{"line":73,"column":1}},"15":{"start":{"line":65,"column":2},"end":{"line":72,"column":3}},"16":{"start":{"line":67,"column":6},"end":{"line":67,"column":23}},"17":{"start":{"line":69,"column":6},"end":{"line":69,"column":24}},"18":{"start":{"line":71,"column":6},"end":{"line":71,"column":23}},"19":{"start":{"line":77,"column":4},"end":{"line":77,"column":29}},"20":{"start":{"line":78,"column":4},"end":{"line":78,"column":33}},"21":{"start":{"line":79,"column":4},"end":{"line":79,"column":23}},"22":{"start":{"line":80,"column":4},"end":{"line":80,"column":72}},"23":{"start":{"line":80,"column":35},"end":{"line":80,"column":70}},"24":{"start":{"line":81,"column":4},"end":{"line":81,"column":72}},"25":{"start":{"line":81,"column":35},"end":{"line":81,"column":70}},"26":{"start":{"line":82,"column":4},"end":{"line":82,"column":72}},"27":{"start":{"line":82,"column":35},"end":{"line":82,"column":70}},"28":{"start":{"line":83,"column":4},"end":{"line":83,"column":45}},"29":{"start":{"line":86,"column":23},"end":{"line":98,"column":3}},"30":{"start":{"line":87,"column":4},"end":{"line":87,"column":47}},"31":{"start":{"line":89,"column":20},"end":{"line":89,"column":58}},"32":{"start":{"line":90,"column":21},"end":{"line":90,"column":69}},"33":{"start":{"line":91,"column":4},"end":{"line":95,"column":8}},"34":{"start":{"line":96,"column":4},"end":{"line":97,"column":43}},"35":{"start":{"line":97,"column":6},"end":{"line":97,"column":43}},"36":{"start":{"line":101,"column":4},"end":{"line":108,"column":6}},"37":{"start":{"line":110,"column":4},"end":{"line":110,"column":76}},"38":{"start":{"line":110,"column":59},"end":{"line":110,"column":76}},"39":{"start":{"line":111,"column":4},"end":{"line":111,"column":72}},"40":{"start":{"line":111,"column":54},"end":{"line":111,"column":72}},"41":{"start":{"line":112,"column":4},"end":{"line":131,"column":5}},"42":{"start":{"line":113,"column":6},"end":{"line":113,"column":47}},"43":{"start":{"line":115,"column":6},"end":{"line":117,"column":9}},"44":{"start":{"line":116,"column":8},"end":{"line":116,"column":62}},"45":{"start":{"line":118,"column":6},"end":{"line":118,"column":63}},"46":{"start":{"line":119,"column":6},"end":{"line":119,"column":70}},"47":{"start":{"line":120,"column":6},"end":{"line":120,"column":53}},"48":{"start":{"line":121,"column":6},"end":{"line":121,"column":23}},"49":{"start":{"line":123,"column":6},"end":{"line":123,"column":46}},"50":{"start":{"line":124,"column":6},"end":{"line":124,"column":63}},"51":{"start":{"line":126,"column":6},"end":{"line":128,"column":9}},"52":{"start":{"line":129,"column":6},"end":{"line":129,"column":53}},"53":{"start":{"line":130,"column":6},"end":{"line":130,"column":21}},"54":{"start":{"line":132,"column":4},"end":{"line":132,"column":52}},"55":{"start":{"line":133,"column":4},"end":{"line":133,"column":73}},"56":{"start":{"line":133,"column":39},"end":{"line":133,"column":71}},"57":{"start":{"line":134,"column":4},"end":{"line":134,"column":73}},"58":{"start":{"line":134,"column":39},"end":{"line":134,"column":71}},"59":{"start":{"line":165,"column":23},"end":{"line":173,"column":3}},"60":{"start":{"line":166,"column":20},"end":{"line":170,"column":5}},"61":{"start":{"line":171,"column":4},"end":{"line":171,"column":29}},"62":{"start":{"line":172,"column":4},"end":{"line":172,"column":46}},"63":{"start":{"line":175,"column":23},"end":{"line":183,"column":3}},"64":{"start":{"line":176,"column":20},"end":{"line":180,"column":5}},"65":{"start":{"line":181,"column":4},"end":{"line":181,"column":29}},"66":{"start":{"line":182,"column":4},"end":{"line":182,"column":46}},"67":{"start":{"line":186,"column":4},"end":{"line":186,"column":65}},"68":{"start":{"line":188,"column":4},"end":{"line":188,"column":77}},"69":{"start":{"line":188,"column":60},"end":{"line":188,"column":77}},"70":{"start":{"line":189,"column":4},"end":{"line":189,"column":77}},"71":{"start":{"line":189,"column":58},"end":{"line":189,"column":77}},"72":{"start":{"line":190,"column":4},"end":{"line":200,"column":5}},"73":{"start":{"line":191,"column":6},"end":{"line":191,"column":71}},"74":{"start":{"line":192,"column":6},"end":{"line":194,"column":8}},"75":{"start":{"line":195,"column":6},"end":{"line":195,"column":21}},"76":{"start":{"line":197,"column":6},"end":{"line":197,"column":72}},"77":{"start":{"line":198,"column":6},"end":{"line":198,"column":57}},"78":{"start":{"line":199,"column":6},"end":{"line":199,"column":21}},"79":{"start":{"line":202,"column":4},"end":{"line":206,"column":7}},"80":{"start":{"line":203,"column":6},"end":{"line":205,"column":8}},"81":{"start":{"line":204,"column":8},"end":{"line":204,"column":45}},"82":{"start":{"line":208,"column":4},"end":{"line":208,"column":17}},"83":{"start":{"line":211,"column":21},"end":{"line":229,"column":3}},"84":{"start":{"line":212,"column":4},"end":{"line":228,"column":5}},"85":{"start":{"line":213,"column":6},"end":{"line":227,"column":11}},"86":{"start":{"line":217,"column":24},"end":{"line":222,"column":13}},"87":{"start":{"line":217,"column":47},"end":{"line":222,"column":11}},"88":{"start":{"line":223,"column":10},"end":{"line":223,"column":23}},"89":{"start":{"line":226,"column":10},"end":{"line":226,"column":22}}},"fnMap":{"0":{"name":"(anonymous_0)","decl":{"start":{"line":8,"column":29},"end":{"line":8,"column":30}},"loc":{"start":{"line":8,"column":47},"end":{"line":28,"column":1}},"line":8},"1":{"name":"(anonymous_1)","decl":{"start":{"line":10,"column":18},"end":{"line":10,"column":19}},"loc":{"start":{"line":10,"column":28},"end":{"line":26,"column":7}},"line":10},"2":{"name":"(anonymous_2)","decl":{"start":{"line":30,"column":20},"end":{"line":30,"column":21}},"loc":{"start":{"line":30,"column":30},"end":{"line":58,"column":1}},"line":30},"3":{"name":"(anonymous_3)","decl":{"start":{"line":60,"column":21},"end":{"line":60,"column":22}},"loc":{"start":{"line":60,"column":32},"end":{"line":62,"column":1}},"line":60},"4":{"name":"(anonymous_4)","decl":{"start":{"line":61,"column":43},"end":{"line":61,"column":44}},"loc":{"start":{"line":61,"column":53},"end":{"line":61,"column":63}},"line":61},"5":{"name":"(anonymous_5)","decl":{"start":{"line":64,"column":25},"end":{"line":64,"column":26}},"loc":{"start":{"line":64,"column":36},"end":{"line":73,"column":1}},"line":64},"6":{"name":"(anonymous_6)","decl":{"start":{"line":76,"column":2},"end":{"line":76,"column":3}},"loc":{"start":{"line":76,"column":68},"end":{"line":84,"column":3}},"line":76},"7":{"name":"(anonymous_7)","decl":{"start":{"line":80,"column":28},"end":{"line":80,"column":29}},"loc":{"start":{"line":80,"column":35},"end":{"line":80,"column":70}},"line":80},"8":{"name":"(anonymous_8)","decl":{"start":{"line":81,"column":28},"end":{"line":81,"column":29}},"loc":{"start":{"line":81,"column":35},"end":{"line":81,"column":70}},"line":81},"9":{"name":"(anonymous_9)","decl":{"start":{"line":82,"column":28},"end":{"line":82,"column":29}},"loc":{"start":{"line":82,"column":35},"end":{"line":82,"column":70}},"line":82},"10":{"name":"(anonymous_10)","decl":{"start":{"line":86,"column":23},"end":{"line":86,"column":24}},"loc":{"start":{"line":86,"column":29},"end":{"line":98,"column":3}},"line":86},"11":{"name":"(anonymous_11)","decl":{"start":{"line":100,"column":2},"end":{"line":100,"column":3}},"loc":{"start":{"line":100,"column":35},"end":{"line":163,"column":3}},"line":100},"12":{"name":"(anonymous_12)","decl":{"start":{"line":115,"column":20},"end":{"line":115,"column":21}},"loc":{"start":{"line":115,"column":27},"end":{"line":117,"column":7}},"line":115},"13":{"name":"(anonymous_13)","decl":{"start":{"line":133,"column":32},"end":{"line":133,"column":33}},"loc":{"start":{"line":133,"column":39},"end":{"line":133,"column":71}},"line":133},"14":{"name":"(anonymous_14)","decl":{"start":{"line":134,"column":32},"end":{"line":134,"column":33}},"loc":{"start":{"line":134,"column":39},"end":{"line":134,"column":71}},"line":134},"15":{"name":"(anonymous_15)","decl":{"start":{"line":165,"column":23},"end":{"line":165,"column":24}},"loc":{"start":{"line":165,"column":36},"end":{"line":173,"column":3}},"line":165},"16":{"name":"(anonymous_16)","decl":{"start":{"line":175,"column":23},"end":{"line":175,"column":24}},"loc":{"start":{"line":175,"column":36},"end":{"line":183,"column":3}},"line":175},"17":{"name":"(anonymous_17)","decl":{"start":{"line":185,"column":2},"end":{"line":185,"column":3}},"loc":{"start":{"line":185,"column":37},"end":{"line":209,"column":3}},"line":185},"18":{"name":"(anonymous_18)","decl":{"start":{"line":202,"column":18},"end":{"line":202,"column":19}},"loc":{"start":{"line":202,"column":28},"end":{"line":206,"column":5}},"line":202},"19":{"name":"(anonymous_19)","decl":{"start":{"line":203,"column":38},"end":{"line":203,"column":39}},"loc":{"start":{"line":204,"column":8},"end":{"line":204,"column":45}},"line":204},"20":{"name":"(anonymous_20)","decl":{"start":{"line":211,"column":21},"end":{"line":211,"column":22}},"loc":{"start":{"line":211,"column":27},"end":{"line":229,"column":3}},"line":211},"21":{"name":"(anonymous_21)","decl":{"start":{"line":216,"column":14},"end":{"line":216,"column":15}},"loc":{"start":{"line":216,"column":28},"end":{"line":224,"column":9}},"line":216},"22":{"name":"(anonymous_22)","decl":{"start":{"line":217,"column":37},"end":{"line":217,"column":38}},"loc":{"start":{"line":217,"column":47},"end":{"line":222,"column":11}},"line":217},"23":{"name":"(anonymous_23)","decl":{"start":{"line":225,"column":15},"end":{"line":225,"column":16}},"loc":{"start":{"line":225,"column":26},"end":{"line":227,"column":9}},"line":225}},"branchMap":{"0":{"loc":{"start":{"line":9,"column":9},"end":{"line":27,"column":8}},"type":"cond-expr","locations":[{"start":{"line":10,"column":6},"end":{"line":26,"column":8}},{"start":{"line":27,"column":6},"end":{"line":27,"column":8}}],"line":9},"1":{"loc":{"start":{"line":9,"column":9},"end":{"line":9,"column":28}},"type":"binary-expr","locations":[{"start":{"line":9,"column":9},"end":{"line":9,"column":13}},{"start":{"line":9,"column":17},"end":{"line":9,"column":28}}],"line":9},"2":{"loc":{"start":{"line":14,"column":8},"end":{"line":23,"column":9}},"type":"if","locations":[{"start":{"line":14,"column":8},"end":{"line":23,"column":9}},{"start":{"line":16,"column":15},"end":{"line":23,"column":9}}],"line":14},"3":{"loc":{"start":{"line":21,"column":12},"end":{"line":22,"column":60}},"type":"binary-expr","locations":[{"start":{"line":21,"column":12},"end":{"line":21,"column":34}},{"start":{"line":22,"column":12},"end":{"line":22,"column":60}}],"line":21},"4":{"loc":{"start":{"line":32,"column":20},"end":{"line":34,"column":8}},"type":"cond-expr","locations":[{"start":{"line":33,"column":6},"end":{"line":33,"column":37}},{"start":{"line":34,"column":6},"end":{"line":34,"column":8}}],"line":32},"5":{"loc":{"start":{"line":35,"column":19},"end":{"line":37,"column":23}},"type":"cond-expr","locations":[{"start":{"line":36,"column":6},"end":{"line":36,"column":37}},{"start":{"line":37,"column":6},"end":{"line":37,"column":23}}],"line":35},"6":{"loc":{"start":{"line":61,"column":9},"end":{"line":61,"column":78}},"type":"cond-expr","locations":[{"start":{"line":61,"column":33},"end":{"line":61,"column":73}},{"start":{"line":61,"column":76},"end":{"line":61,"column":78}}],"line":61},"7":{"loc":{"start":{"line":61,"column":9},"end":{"line":61,"column":30}},"type":"binary-expr","locations":[{"start":{"line":61,"column":9},"end":{"line":61,"column":14}},{"start":{"line":61,"column":18},"end":{"line":61,"column":30}}],"line":61},"8":{"loc":{"start":{"line":65,"column":2},"end":{"line":72,"column":3}},"type":"switch","locations":[{"start":{"line":66,"column":4},"end":{"line":67,"column":23}},{"start":{"line":68,"column":4},"end":{"line":69,"column":24}},{"start":{"line":70,"column":4},"end":{"line":71,"column":23}}],"line":65},"9":{"loc":{"start":{"line":96,"column":4},"end":{"line":97,"column":43}},"type":"if","locations":[{"start":{"line":96,"column":4},"end":{"line":97,"column":43}},{"start":{},"end":{}}],"line":96},"10":{"loc":{"start":{"line":110,"column":4},"end":{"line":110,"column":76}},"type":"if","locations":[{"start":{"line":110,"column":4},"end":{"line":110,"column":76}},{"start":{},"end":{}}],"line":110},"11":{"loc":{"start":{"line":110,"column":8},"end":{"line":110,"column":57}},"type":"binary-expr","locations":[{"start":{"line":110,"column":8},"end":{"line":110,"column":34}},{"start":{"line":110,"column":38},"end":{"line":110,"column":57}}],"line":110},"12":{"loc":{"start":{"line":111,"column":4},"end":{"line":111,"column":72}},"type":"if","locations":[{"start":{"line":111,"column":4},"end":{"line":111,"column":72}},{"start":{},"end":{}}],"line":111},"13":{"loc":{"start":{"line":111,"column":8},"end":{"line":111,"column":52}},"type":"binary-expr","locations":[{"start":{"line":111,"column":8},"end":{"line":111,"column":29}},{"start":{"line":111,"column":33},"end":{"line":111,"column":52}}],"line":111},"14":{"loc":{"start":{"line":112,"column":4},"end":{"line":131,"column":5}},"type":"if","locations":[{"start":{"line":112,"column":4},"end":{"line":131,"column":5}},{"start":{"line":122,"column":11},"end":{"line":131,"column":5}}],"line":112},"15":{"loc":{"start":{"line":188,"column":4},"end":{"line":188,"column":77}},"type":"if","locations":[{"start":{"line":188,"column":4},"end":{"line":188,"column":77}},{"start":{},"end":{}}],"line":188},"16":{"loc":{"start":{"line":188,"column":8},"end":{"line":188,"column":58}},"type":"binary-expr","locations":[{"start":{"line":188,"column":8},"end":{"line":188,"column":34}},{"start":{"line":188,"column":38},"end":{"line":188,"column":58}}],"line":188},"17":{"loc":{"start":{"line":189,"column":4},"end":{"line":189,"column":77}},"type":"if","locations":[{"start":{"line":189,"column":4},"end":{"line":189,"column":77}},{"start":{},"end":{}}],"line":189},"18":{"loc":{"start":{"line":189,"column":8},"end":{"line":189,"column":56}},"type":"binary-expr","locations":[{"start":{"line":189,"column":8},"end":{"line":189,"column":32}},{"start":{"line":189,"column":36},"end":{"line":189,"column":56}}],"line":189},"19":{"loc":{"start":{"line":190,"column":4},"end":{"line":200,"column":5}},"type":"if","locations":[{"start":{"line":190,"column":4},"end":{"line":200,"column":5}},{"start":{"line":196,"column":11},"end":{"line":200,"column":5}}],"line":190},"20":{"loc":{"start":{"line":212,"column":4},"end":{"line":228,"column":5}},"type":"if","locations":[{"start":{"line":212,"column":4},"end":{"line":228,"column":5}},{"start":{},"end":{}}],"line":212}},"s":{"0":6,"1":44,"2":104,"3":104,"4":0,"5":104,"6":6,"7":6,"8":6,"9":6,"10":6,"11":6,"12":6,"13":6,"14":6,"15":5,"16":3,"17":1,"18":1,"19":14,"20":14,"21":14,"22":14,"23":0,"24":14,"25":0,"26":14,"27":0,"28":14,"29":14,"30":1,"31":1,"32":1,"33":1,"34":1,"35":0,"36":3,"37":3,"38":2,"39":3,"40":2,"41":3,"42":3,"43":3,"44":12,"45":3,"46":3,"47":3,"48":3,"49":0,"50":0,"51":0,"52":0,"53":0,"54":3,"55":3,"56":0,"57":3,"58":0,"59":14,"60":1,"61":1,"62":1,"63":14,"64":1,"65":1,"66":1,"67":5,"68":5,"69":5,"70":5,"71":5,"72":5,"73":5,"74":5,"75":5,"76":0,"77":0,"78":0,"79":5,"80":20,"81":3,"82":5,"83":14,"84":5,"85":5,"86":3,"87":12,"88":3,"89":2},"f":{"0":44,"1":104,"2":6,"3":6,"4":6,"5":5,"6":14,"7":0,"8":0,"9":0,"10":1,"11":3,"12":12,"13":0,"14":0,"15":1,"16":1,"17":5,"18":20,"19":3,"20":5,"21":3,"22":12,"23":2},"b":{"0":[26,18],"1":[44,26],"2":[104,0],"3":[0,0],"4":[0,6],"5":[0,6],"6":[5,1],"7":[6,6],"8":[3,1,1],"9":[0,1],"10":[2,1],"11":[3,3],"12":[2,1],"13":[3,1],"14":[3,0],"15":[5,0],"16":[5,2],"17":[5,0],"18":[5,2],"19":[5,0],"20":[5,0]},"_coverageSchema":"1a1c01bbd47fc00a2c39e90264f33305004495a9","hash":"3a3f973a23b3e16b0f37f82bb1de96c2f47f8978"}
,"/Users/wilhemarnoldy/Developpements/Formation/p9-Billed-app/front/src/containers/Login.js": {"path":"/Users/wilhemarnoldy/Developpements/Formation/p9-Billed-app/front/src/containers/Login.js","statementMap":{"0":{"start":{"line":2,"column":31},"end":{"line":2,"column":33}},"1":{"start":{"line":13,"column":4},"end":{"line":13,"column":29}},"2":{"start":{"line":14,"column":4},"end":{"line":14,"column":37}},"3":{"start":{"line":15,"column":4},"end":{"line":15,"column":33}},"4":{"start":{"line":16,"column":4},"end":{"line":16,"column":47}},"5":{"start":{"line":17,"column":4},"end":{"line":17,"column":23}},"6":{"start":{"line":18,"column":25},"end":{"line":20,"column":5}},"7":{"start":{"line":21,"column":4},"end":{"line":21,"column":71}},"8":{"start":{"line":22,"column":22},"end":{"line":24,"column":5}},"9":{"start":{"line":25,"column":4},"end":{"line":25,"column":65}},"10":{"start":{"line":27,"column":25},"end":{"line":47,"column":3}},"11":{"start":{"line":28,"column":4},"end":{"line":28,"column":23}},"12":{"start":{"line":29,"column":17},"end":{"line":37,"column":5}},"13":{"start":{"line":38,"column":4},"end":{"line":38,"column":60}},"14":{"start":{"line":39,"column":4},"end":{"line":46,"column":9}},"15":{"start":{"line":40,"column":22},"end":{"line":40,"column":43}},"16":{"start":{"line":42,"column":8},"end":{"line":42,"column":46}},"17":{"start":{"line":43,"column":8},"end":{"line":43,"column":54}},"18":{"start":{"line":44,"column":8},"end":{"line":44,"column":51}},"19":{"start":{"line":45,"column":8},"end":{"line":45,"column":58}},"20":{"start":{"line":49,"column":22},"end":{"line":69,"column":3}},"21":{"start":{"line":50,"column":4},"end":{"line":50,"column":23}},"22":{"start":{"line":51,"column":17},"end":{"line":59,"column":5}},"23":{"start":{"line":60,"column":4},"end":{"line":60,"column":60}},"24":{"start":{"line":61,"column":4},"end":{"line":68,"column":9}},"25":{"start":{"line":62,"column":22},"end":{"line":62,"column":43}},"26":{"start":{"line":64,"column":8},"end":{"line":64,"column":50}},"27":{"start":{"line":65,"column":8},"end":{"line":65,"column":58}},"28":{"start":{"line":66,"column":8},"end":{"line":66,"column":51}},"29":{"start":{"line":67,"column":8},"end":{"line":67,"column":53}},"30":{"start":{"line":72,"column":10},"end":{"line":87,"column":3}},"31":{"start":{"line":73,"column":4},"end":{"line":86,"column":5}},"32":{"start":{"line":74,"column":6},"end":{"line":83,"column":11}},"33":{"start":{"line":82,"column":10},"end":{"line":82,"column":43}},"34":{"start":{"line":85,"column":6},"end":{"line":85,"column":18}},"35":{"start":{"line":90,"column":15},"end":{"line":109,"column":3}},"36":{"start":{"line":91,"column":4},"end":{"line":108,"column":5}},"37":{"start":{"line":92,"column":6},"end":{"line":105,"column":11}},"38":{"start":{"line":103,"column":10},"end":{"line":103,"column":60}},"39":{"start":{"line":104,"column":10},"end":{"line":104,"column":34}},"40":{"start":{"line":107,"column":6},"end":{"line":107,"column":18}}},"fnMap":{"0":{"name":"(anonymous_0)","decl":{"start":{"line":6,"column":2},"end":{"line":6,"column":3}},"loc":{"start":{"line":12,"column":5},"end":{"line":26,"column":3}},"line":12},"1":{"name":"(anonymous_1)","decl":{"start":{"line":27,"column":25},"end":{"line":27,"column":26}},"loc":{"start":{"line":27,"column":32},"end":{"line":47,"column":3}},"line":27},"2":{"name":"(anonymous_2)","decl":{"start":{"line":40,"column":13},"end":{"line":40,"column":14}},"loc":{"start":{"line":40,"column":22},"end":{"line":40,"column":43}},"line":40},"3":{"name":"(anonymous_3)","decl":{"start":{"line":41,"column":12},"end":{"line":41,"column":13}},"loc":{"start":{"line":41,"column":18},"end":{"line":46,"column":7}},"line":41},"4":{"name":"(anonymous_4)","decl":{"start":{"line":49,"column":22},"end":{"line":49,"column":23}},"loc":{"start":{"line":49,"column":29},"end":{"line":69,"column":3}},"line":49},"5":{"name":"(anonymous_5)","decl":{"start":{"line":62,"column":13},"end":{"line":62,"column":14}},"loc":{"start":{"line":62,"column":22},"end":{"line":62,"column":43}},"line":62},"6":{"name":"(anonymous_6)","decl":{"start":{"line":63,"column":12},"end":{"line":63,"column":13}},"loc":{"start":{"line":63,"column":18},"end":{"line":68,"column":7}},"line":63},"7":{"name":"(anonymous_7)","decl":{"start":{"line":72,"column":10},"end":{"line":72,"column":11}},"loc":{"start":{"line":72,"column":20},"end":{"line":87,"column":3}},"line":72},"8":{"name":"(anonymous_8)","decl":{"start":{"line":81,"column":14},"end":{"line":81,"column":15}},"loc":{"start":{"line":81,"column":27},"end":{"line":83,"column":9}},"line":81},"9":{"name":"(anonymous_9)","decl":{"start":{"line":90,"column":15},"end":{"line":90,"column":16}},"loc":{"start":{"line":90,"column":25},"end":{"line":109,"column":3}},"line":90},"10":{"name":"(anonymous_10)","decl":{"start":{"line":102,"column":14},"end":{"line":102,"column":15}},"loc":{"start":{"line":102,"column":20},"end":{"line":105,"column":9}},"line":102}},"branchMap":{"0":{"loc":{"start":{"line":73,"column":4},"end":{"line":86,"column":5}},"type":"if","locations":[{"start":{"line":73,"column":4},"end":{"line":86,"column":5}},{"start":{"line":84,"column":11},"end":{"line":86,"column":5}}],"line":73},"1":{"loc":{"start":{"line":91,"column":4},"end":{"line":108,"column":5}},"type":"if","locations":[{"start":{"line":91,"column":4},"end":{"line":108,"column":5}},{"start":{"line":106,"column":11},"end":{"line":108,"column":5}}],"line":91}},"s":{"0":4,"1":4,"2":4,"3":4,"4":4,"5":4,"6":4,"7":4,"8":4,"9":4,"10":4,"11":2,"12":2,"13":2,"14":2,"15":0,"16":2,"17":2,"18":2,"19":2,"20":4,"21":2,"22":2,"23":2,"24":2,"25":0,"26":2,"27":2,"28":2,"29":2,"30":4,"31":0,"32":0,"33":0,"34":0,"35":4,"36":0,"37":0,"38":0,"39":0,"40":0},"f":{"0":4,"1":2,"2":0,"3":2,"4":2,"5":0,"6":2,"7":0,"8":0,"9":0,"10":0},"b":{"0":[0,0],"1":[0,0]},"_coverageSchema":"1a1c01bbd47fc00a2c39e90264f33305004495a9","hash":"2de209933d27ffde0effff9e1b0005f3c7a73d0d"}
,"/Users/wilhemarnoldy/Developpements/Formation/p9-Billed-app/front/src/containers/Logout.js": {"path":"/Users/wilhemarnoldy/Developpements/Formation/p9-Billed-app/front/src/containers/Logout.js","statementMap":{"0":{"start":{"line":5,"column":4},"end":{"line":5,"column":28}},"1":{"start":{"line":6,"column":4},"end":{"line":6,"column":32}},"2":{"start":{"line":7,"column":4},"end":{"line":7,"column":36}},"3":{"start":{"line":8,"column":4},"end":{"line":8,"column":51}},"4":{"start":{"line":11,"column":16},"end":{"line":14,"column":3}},"5":{"start":{"line":12,"column":4},"end":{"line":12,"column":29}},"6":{"start":{"line":13,"column":4},"end":{"line":13,"column":41}}},"fnMap":{"0":{"name":"(anonymous_0)","decl":{"start":{"line":4,"column":2},"end":{"line":4,"column":3}},"loc":{"start":{"line":4,"column":54},"end":{"line":9,"column":3}},"line":4},"1":{"name":"(anonymous_1)","decl":{"start":{"line":11,"column":16},"end":{"line":11,"column":17}},"loc":{"start":{"line":11,"column":23},"end":{"line":14,"column":3}},"line":11}},"branchMap":{},"s":{"0":20,"1":20,"2":20,"3":20,"4":20,"5":2,"6":2},"f":{"0":20,"1":2},"b":{},"_coverageSchema":"1a1c01bbd47fc00a2c39e90264f33305004495a9","hash":"34d401422c8275a201df2bf837d698e068a28b1a"}
,"/Users/wilhemarnoldy/Developpements/Formation/p9-Billed-app/front/src/containers/NewBill.js": {"path":"/Users/wilhemarnoldy/Developpements/Formation/p9-Billed-app/front/src/containers/NewBill.js","statementMap":{"0":{"start":{"line":6,"column":4},"end":{"line":6,"column":29}},"1":{"start":{"line":7,"column":4},"end":{"line":7,"column":33}},"2":{"start":{"line":8,"column":4},"end":{"line":8,"column":23}},"3":{"start":{"line":9,"column":24},"end":{"line":11,"column":5}},"4":{"start":{"line":12,"column":4},"end":{"line":12,"column":62}},"5":{"start":{"line":13,"column":17},"end":{"line":13,"column":73}},"6":{"start":{"line":14,"column":4},"end":{"line":14,"column":59}},"7":{"start":{"line":15,"column":4},"end":{"line":15,"column":24}},"8":{"start":{"line":16,"column":4},"end":{"line":16,"column":25}},"9":{"start":{"line":17,"column":4},"end":{"line":17,"column":23}},"10":{"start":{"line":18,"column":4},"end":{"line":18,"column":55}},"11":{"start":{"line":20,"column":21},"end":{"line":54,"column":3}},"12":{"start":{"line":21,"column":4},"end":{"line":21,"column":23}},"13":{"start":{"line":22,"column":22},"end":{"line":22,"column":78}},"14":{"start":{"line":23,"column":17},"end":{"line":23,"column":35}},"15":{"start":{"line":24,"column":21},"end":{"line":24,"column":48}},"16":{"start":{"line":25,"column":21},"end":{"line":25,"column":50}},"17":{"start":{"line":26,"column":30},"end":{"line":26,"column":54}},"18":{"start":{"line":28,"column":4},"end":{"line":32,"column":5}},"19":{"start":{"line":29,"column":6},"end":{"line":29,"column":27}},"20":{"start":{"line":30,"column":6},"end":{"line":30,"column":76}},"21":{"start":{"line":31,"column":6},"end":{"line":31,"column":13}},"22":{"start":{"line":34,"column":21},"end":{"line":34,"column":35}},"23":{"start":{"line":35,"column":18},"end":{"line":35,"column":64}},"24":{"start":{"line":36,"column":4},"end":{"line":36,"column":34}},"25":{"start":{"line":37,"column":4},"end":{"line":37,"column":36}},"26":{"start":{"line":39,"column":4},"end":{"line":53,"column":46}},"27":{"start":{"line":48,"column":8},"end":{"line":48,"column":29}},"28":{"start":{"line":49,"column":8},"end":{"line":49,"column":26}},"29":{"start":{"line":50,"column":8},"end":{"line":50,"column":31}},"30":{"start":{"line":51,"column":8},"end":{"line":51,"column":33}},"31":{"start":{"line":53,"column":24},"end":{"line":53,"column":44}},"32":{"start":{"line":55,"column":17},"end":{"line":82,"column":3}},"33":{"start":{"line":56,"column":4},"end":{"line":56,"column":23}},"34":{"start":{"line":57,"column":4},"end":{"line":60,"column":6}},"35":{"start":{"line":61,"column":18},"end":{"line":61,"column":64}},"36":{"start":{"line":62,"column":17},"end":{"line":79,"column":5}},"37":{"start":{"line":80,"column":4},"end":{"line":80,"column":26}},"38":{"start":{"line":81,"column":4},"end":{"line":81,"column":42}},"39":{"start":{"line":85,"column":15},"end":{"line":95,"column":3}},"40":{"start":{"line":86,"column":4},"end":{"line":94,"column":5}},"41":{"start":{"line":87,"column":6},"end":{"line":93,"column":48}},"42":{"start":{"line":91,"column":10},"end":{"line":91,"column":48}},"43":{"start":{"line":93,"column":26},"end":{"line":93,"column":46}}},"fnMap":{"0":{"name":"(anonymous_0)","decl":{"start":{"line":5,"column":2},"end":{"line":5,"column":3}},"loc":{"start":{"line":5,"column":61},"end":{"line":19,"column":3}},"line":5},"1":{"name":"(anonymous_1)","decl":{"start":{"line":20,"column":21},"end":{"line":20,"column":22}},"loc":{"start":{"line":20,"column":28},"end":{"line":54,"column":3}},"line":20},"2":{"name":"(anonymous_2)","decl":{"start":{"line":47,"column":12},"end":{"line":47,"column":13}},"loc":{"start":{"line":47,"column":34},"end":{"line":52,"column":7}},"line":47},"3":{"name":"(anonymous_3)","decl":{"start":{"line":53,"column":13},"end":{"line":53,"column":14}},"loc":{"start":{"line":53,"column":24},"end":{"line":53,"column":44}},"line":53},"4":{"name":"(anonymous_4)","decl":{"start":{"line":55,"column":17},"end":{"line":55,"column":18}},"loc":{"start":{"line":55,"column":24},"end":{"line":82,"column":3}},"line":55},"5":{"name":"(anonymous_5)","decl":{"start":{"line":85,"column":15},"end":{"line":85,"column":16}},"loc":{"start":{"line":85,"column":25},"end":{"line":95,"column":3}},"line":85},"6":{"name":"(anonymous_6)","decl":{"start":{"line":90,"column":14},"end":{"line":90,"column":15}},"loc":{"start":{"line":90,"column":20},"end":{"line":92,"column":9}},"line":90},"7":{"name":"(anonymous_7)","decl":{"start":{"line":93,"column":15},"end":{"line":93,"column":16}},"loc":{"start":{"line":93,"column":26},"end":{"line":93,"column":46}},"line":93}},"branchMap":{"0":{"loc":{"start":{"line":28,"column":4},"end":{"line":32,"column":5}},"type":"if","locations":[{"start":{"line":28,"column":4},"end":{"line":32,"column":5}},{"start":{},"end":{}}],"line":28},"1":{"loc":{"start":{"line":72,"column":8},"end":{"line":73,"column":10}},"type":"binary-expr","locations":[{"start":{"line":72,"column":8},"end":{"line":72,"column":74}},{"start":{"line":73,"column":8},"end":{"line":73,"column":10}}],"line":72},"2":{"loc":{"start":{"line":86,"column":4},"end":{"line":94,"column":5}},"type":"if","locations":[{"start":{"line":86,"column":4},"end":{"line":94,"column":5}},{"start":{},"end":{}}],"line":86}},"s":{"0":4,"1":4,"2":4,"3":4,"4":4,"5":4,"6":4,"7":4,"8":4,"9":4,"10":4,"11":4,"12":2,"13":2,"14":2,"15":2,"16":2,"17":2,"18":2,"19":2,"20":2,"21":2,"22":0,"23":0,"24":0,"25":0,"26":0,"27":0,"28":0,"29":0,"30":0,"31":0,"32":4,"33":3,"34":3,"35":3,"36":3,"37":3,"38":3,"39":4,"40":3,"41":3,"42":3,"43":0},"f":{"0":4,"1":2,"2":0,"3":0,"4":3,"5":3,"6":3,"7":0},"b":{"0":[2,0],"1":[3,2],"2":[3,0]},"_coverageSchema":"1a1c01bbd47fc00a2c39e90264f33305004495a9","hash":"350aeae9190bb1923c6ecc112bce0c80c05984af"}
,"/Users/wilhemarnoldy/Developpements/Formation/p9-Billed-app/front/src/views/Actions.js": {"path":"/Users/wilhemarnoldy/Developpements/Formation/p9-Billed-app/front/src/views/Actions.js","statementMap":{"0":{"start":{"line":5,"column":2},"end":{"line":11,"column":3}}},"fnMap":{"0":{"name":"(anonymous_0)","decl":{"start":{"line":4,"column":15},"end":{"line":4,"column":16}},"loc":{"start":{"line":4,"column":28},"end":{"line":12,"column":1}},"line":4}},"branchMap":{},"s":{"0":6},"f":{"0":6},"b":{},"_coverageSchema":"1a1c01bbd47fc00a2c39e90264f33305004495a9","hash":"9171d68eb8c42993ef7741ab041e332369a92768"}
,"/Users/wilhemarnoldy/Developpements/Formation/p9-Billed-app/front/src/views/BillsUI.js": {"path":"/Users/wilhemarnoldy/Developpements/Formation/p9-Billed-app/front/src/views/BillsUI.js","statementMap":{"0":{"start":{"line":7,"column":12},"end":{"line":20,"column":1}},"1":{"start":{"line":8,"column":2},"end":{"line":19,"column":6}},"2":{"start":{"line":22,"column":13},"end":{"line":29,"column":1}},"3":{"start":{"line":24,"column":2},"end":{"line":27,"column":3}},"4":{"start":{"line":25,"column":4},"end":{"line":25,"column":61}},"5":{"start":{"line":25,"column":24},"end":{"line":25,"column":59}},"6":{"start":{"line":26,"column":4},"end":{"line":26,"column":69}},"7":{"start":{"line":26,"column":44},"end":{"line":26,"column":53}},"8":{"start":{"line":28,"column":2},"end":{"line":28,"column":12}},"9":{"start":{"line":32,"column":16},"end":{"line":47,"column":3}},"10":{"start":{"line":32,"column":22},"end":{"line":47,"column":3}},"11":{"start":{"line":49,"column":2},"end":{"line":53,"column":3}},"12":{"start":{"line":50,"column":4},"end":{"line":50,"column":25}},"13":{"start":{"line":51,"column":9},"end":{"line":53,"column":3}},"14":{"start":{"line":52,"column":4},"end":{"line":52,"column":28}},"15":{"start":{"line":55,"column":2},"end":{"line":82,"column":12}}},"fnMap":{"0":{"name":"(anonymous_0)","decl":{"start":{"line":7,"column":12},"end":{"line":7,"column":13}},"loc":{"start":{"line":7,"column":22},"end":{"line":20,"column":1}},"line":7},"1":{"name":"(anonymous_1)","decl":{"start":{"line":22,"column":13},"end":{"line":22,"column":14}},"loc":{"start":{"line":22,"column":23},"end":{"line":29,"column":1}},"line":22},"2":{"name":"(anonymous_2)","decl":{"start":{"line":25,"column":14},"end":{"line":25,"column":15}},"loc":{"start":{"line":25,"column":24},"end":{"line":25,"column":59}},"line":25},"3":{"name":"(anonymous_3)","decl":{"start":{"line":26,"column":34},"end":{"line":26,"column":35}},"loc":{"start":{"line":26,"column":44},"end":{"line":26,"column":53}},"line":26},"4":{"name":"(anonymous_4)","decl":{"start":{"line":31,"column":15},"end":{"line":31,"column":16}},"loc":{"start":{"line":31,"column":52},"end":{"line":83,"column":1}},"line":31},"5":{"name":"(anonymous_5)","decl":{"start":{"line":32,"column":16},"end":{"line":32,"column":17}},"loc":{"start":{"line":32,"column":22},"end":{"line":47,"column":3}},"line":32}},"branchMap":{"0":{"loc":{"start":{"line":24,"column":2},"end":{"line":27,"column":3}},"type":"if","locations":[{"start":{"line":24,"column":2},"end":{"line":27,"column":3}},{"start":{},"end":{}}],"line":24},"1":{"loc":{"start":{"line":26,"column":11},"end":{"line":26,"column":68}},"type":"cond-expr","locations":[{"start":{"line":26,"column":25},"end":{"line":26,"column":63}},{"start":{"line":26,"column":66},"end":{"line":26,"column":68}}],"line":26},"2":{"loc":{"start":{"line":49,"column":2},"end":{"line":53,"column":3}},"type":"if","locations":[{"start":{"line":49,"column":2},"end":{"line":53,"column":3}},{"start":{"line":51,"column":9},"end":{"line":53,"column":3}}],"line":49},"3":{"loc":{"start":{"line":51,"column":9},"end":{"line":53,"column":3}},"type":"if","locations":[{"start":{"line":51,"column":9},"end":{"line":53,"column":3}},{"start":{},"end":{}}],"line":51}},"s":{"0":6,"1":4,"2":6,"3":4,"4":2,"5":6,"6":2,"7":4,"8":2,"9":6,"10":4,"11":6,"12":1,"13":5,"14":1,"15":4},"f":{"0":4,"1":4,"2":6,"3":4,"4":6,"5":4},"b":{"0":[2,2],"1":[1,1],"2":[1,5],"3":[1,4]},"_coverageSchema":"1a1c01bbd47fc00a2c39e90264f33305004495a9","hash":"e8cf41c6b896b01d57b3fea48e2adec8fd2827b5"}
,"/Users/wilhemarnoldy/Developpements/Formation/p9-Billed-app/front/src/views/DashboardFormUI.js": {"path":"/Users/wilhemarnoldy/Developpements/Formation/p9-Billed-app/front/src/views/DashboardFormUI.js","statementMap":{"0":{"start":{"line":7,"column":21},"end":{"line":22,"column":4}},"1":{"start":{"line":7,"column":28},"end":{"line":22,"column":3}},"2":{"start":{"line":26,"column":2},"end":{"line":101,"column":4}}},"fnMap":{"0":{"name":"(anonymous_0)","decl":{"start":{"line":7,"column":21},"end":{"line":7,"column":22}},"loc":{"start":{"line":7,"column":28},"end":{"line":22,"column":3}},"line":7},"1":{"name":"(anonymous_1)","decl":{"start":{"line":24,"column":15},"end":{"line":24,"column":16}},"loc":{"start":{"line":24,"column":25},"end":{"line":102,"column":1}},"line":24}},"branchMap":{"0":{"loc":{"start":{"line":79,"column":9},"end":{"line":89,"column":9}},"type":"cond-expr","locations":[{"start":{"line":79,"column":38},"end":{"line":84,"column":8}},{"start":{"line":84,"column":13},"end":{"line":89,"column":8}}],"line":79},"1":{"loc":{"start":{"line":92,"column":8},"end":{"line":97,"column":13}},"type":"cond-expr","locations":[{"start":{"line":92,"column":37},"end":{"line":97,"column":7}},{"start":{"line":97,"column":11},"end":{"line":97,"column":13}}],"line":92}},"s":{"0":7,"1":10,"2":10},"f":{"0":10,"1":10},"b":{"0":[7,3],"1":[7,3]},"_coverageSchema":"1a1c01bbd47fc00a2c39e90264f33305004495a9","hash":"ccf61b6b3f0589ad38d11fa620e6a9b6ff6a0112"}
,"/Users/wilhemarnoldy/Developpements/Formation/p9-Billed-app/front/src/views/DashboardUI.js": {"path":"/Users/wilhemarnoldy/Developpements/Formation/p9-Billed-app/front/src/views/DashboardUI.js","statementMap":{"0":{"start":{"line":10,"column":2},"end":{"line":14,"column":3}},"1":{"start":{"line":11,"column":4},"end":{"line":11,"column":24}},"2":{"start":{"line":12,"column":9},"end":{"line":14,"column":3}},"3":{"start":{"line":13,"column":4},"end":{"line":13,"column":27}},"4":{"start":{"line":16,"column":2},"end":{"line":48,"column":3}}},"fnMap":{"0":{"name":"(anonymous_0)","decl":{"start":{"line":8,"column":15},"end":{"line":8,"column":16}},"loc":{"start":{"line":8,"column":45},"end":{"line":49,"column":1}},"line":8}},"branchMap":{"0":{"loc":{"start":{"line":10,"column":2},"end":{"line":14,"column":3}},"type":"if","locations":[{"start":{"line":10,"column":2},"end":{"line":14,"column":3}},{"start":{"line":12,"column":9},"end":{"line":14,"column":3}}],"line":10},"1":{"loc":{"start":{"line":12,"column":9},"end":{"line":14,"column":3}},"type":"if","locations":[{"start":{"line":12,"column":9},"end":{"line":14,"column":3}},{"start":{},"end":{}}],"line":12},"2":{"loc":{"start":{"line":22,"column":45},"end":{"line":22,"column":63}},"type":"binary-expr","locations":[{"start":{"line":22,"column":45},"end":{"line":22,"column":49}},{"start":{"line":22,"column":53},"end":{"line":22,"column":63}}],"line":22},"3":{"loc":{"start":{"line":29,"column":43},"end":{"line":29,"column":61}},"type":"binary-expr","locations":[{"start":{"line":29,"column":43},"end":{"line":29,"column":47}},{"start":{"line":29,"column":51},"end":{"line":29,"column":61}}],"line":29},"4":{"loc":{"start":{"line":36,"column":43},"end":{"line":36,"column":61}},"type":"binary-expr","locations":[{"start":{"line":36,"column":43},"end":{"line":36,"column":47}},{"start":{"line":36,"column":51},"end":{"line":36,"column":61}}],"line":36}},"s":{"0":21,"1":6,"2":15,"3":3,"4":12},"f":{"0":21},"b":{"0":[6,15],"1":[3,12],"2":[12,7],"3":[12,7],"4":[12,7]},"_coverageSchema":"1a1c01bbd47fc00a2c39e90264f33305004495a9","hash":"c02991d6aa7d0ce6f6f03fde8c813b25bc290f4c"}
,"/Users/wilhemarnoldy/Developpements/Formation/p9-Billed-app/front/src/views/ErrorPage.js": {"path":"/Users/wilhemarnoldy/Developpements/Formation/p9-Billed-app/front/src/views/ErrorPage.js","statementMap":{"0":{"start":{"line":4,"column":2},"end":{"line":15,"column":3}}},"fnMap":{"0":{"name":"(anonymous_0)","decl":{"start":{"line":3,"column":15},"end":{"line":3,"column":16}},"loc":{"start":{"line":3,"column":26},"end":{"line":16,"column":1}},"line":3}},"branchMap":{"0":{"loc":{"start":{"line":12,"column":12},"end":{"line":12,"column":30}},"type":"cond-expr","locations":[{"start":{"line":12,"column":20},"end":{"line":12,"column":25}},{"start":{"line":12,"column":28},"end":{"line":12,"column":30}}],"line":12}},"s":{"0":6},"f":{"0":6},"b":{"0":[5,1]},"_coverageSchema":"1a1c01bbd47fc00a2c39e90264f33305004495a9","hash":"8e7693726578be1447920528a6740ecc0e708264"}
,"/Users/wilhemarnoldy/Developpements/Formation/p9-Billed-app/front/src/views/LoadingPage.js": {"path":"/Users/wilhemarnoldy/Developpements/Formation/p9-Billed-app/front/src/views/LoadingPage.js","statementMap":{"0":{"start":{"line":5,"column":2},"end":{"line":12,"column":3}}},"fnMap":{"0":{"name":"(anonymous_0)","decl":{"start":{"line":3,"column":15},"end":{"line":3,"column":16}},"loc":{"start":{"line":3,"column":21},"end":{"line":13,"column":1}},"line":3}},"branchMap":{},"s":{"0":8},"f":{"0":8},"b":{},"_coverageSchema":"1a1c01bbd47fc00a2c39e90264f33305004495a9","hash":"7fe5eaab8398d9624f7c59fc587cdf97cac058af"}
,"/Users/wilhemarnoldy/Developpements/Formation/p9-Billed-app/front/src/views/LoginUI.js": {"path":"/Users/wilhemarnoldy/Developpements/Formation/p9-Billed-app/front/src/views/LoginUI.js","statementMap":{"0":{"start":{"line":4,"column":2},"end":{"line":46,"column":4}}},"fnMap":{"0":{"name":"(anonymous_0)","decl":{"start":{"line":2,"column":15},"end":{"line":2,"column":16}},"loc":{"start":{"line":2,"column":21},"end":{"line":47,"column":1}},"line":2}},"branchMap":{},"s":{"0":14},"f":{"0":14},"b":{},"_coverageSchema":"1a1c01bbd47fc00a2c39e90264f33305004495a9","hash":"a692b80da4178f4e048cb54d59a20e800236a8a5"}
,"/Users/wilhemarnoldy/Developpements/Formation/p9-Billed-app/front/src/views/NewBillUI.js": {"path":"/Users/wilhemarnoldy/Developpements/Formation/p9-Billed-app/front/src/views/NewBillUI.js","statementMap":{"0":{"start":{"line":5,"column":2},"end":{"line":73,"column":4}}},"fnMap":{"0":{"name":"(anonymous_0)","decl":{"start":{"line":3,"column":15},"end":{"line":3,"column":16}},"loc":{"start":{"line":3,"column":21},"end":{"line":74,"column":1}},"line":3}},"branchMap":{},"s":{"0":6},"f":{"0":6},"b":{},"_coverageSchema":"1a1c01bbd47fc00a2c39e90264f33305004495a9","hash":"76789a08ac7e958808e0ba2df47955b2228d6196"}
,"/Users/wilhemarnoldy/Developpements/Formation/p9-Billed-app/front/src/views/VerticalLayout.js": {"path":"/Users/wilhemarnoldy/Developpements/Formation/p9-Billed-app/front/src/views/VerticalLayout.js","statementMap":{"0":{"start":{"line":7,"column":4},"end":{"line":7,"column":51}},"1":{"start":{"line":8,"column":4},"end":{"line":10,"column":5}},"2":{"start":{"line":9,"column":6},"end":{"line":9,"column":29}},"3":{"start":{"line":11,"column":4},"end":{"line":39,"column":5}},"4":{"start":{"line":12,"column":6},"end":{"line":27,"column":7}},"5":{"start":{"line":29,"column":6},"end":{"line":38,"column":7}}},"fnMap":{"0":{"name":"(anonymous_0)","decl":{"start":{"line":5,"column":15},"end":{"line":5,"column":16}},"loc":{"start":{"line":5,"column":27},"end":{"line":40,"column":1}},"line":5}},"branchMap":{"0":{"loc":{"start":{"line":8,"column":4},"end":{"line":10,"column":5}},"type":"if","locations":[{"start":{"line":8,"column":4},"end":{"line":10,"column":5}},{"start":{},"end":{}}],"line":8},"1":{"loc":{"start":{"line":11,"column":4},"end":{"line":39,"column":5}},"type":"if","locations":[{"start":{"line":11,"column":4},"end":{"line":39,"column":5}},{"start":{"line":28,"column":11},"end":{"line":39,"column":5}}],"line":11},"2":{"loc":{"start":{"line":11,"column":8},"end":{"line":11,"column":40}},"type":"binary-expr","locations":[{"start":{"line":11,"column":8},"end":{"line":11,"column":12}},{"start":{"line":11,"column":16},"end":{"line":11,"column":40}}],"line":11}},"s":{"0":37,"1":37,"2":20,"3":37,"4":4,"5":33},"f":{"0":37},"b":{"0":[20,17],"1":[4,33],"2":[37,25]},"_coverageSchema":"1a1c01bbd47fc00a2c39e90264f33305004495a9","hash":"c6230a253bf14146ba9a30835059f01829ddf311"}
}
